CRITICAL - 2021-03-25 15:45:29 --> Class 'AuthModel' not found
#0 C:\wamp64\www\scit-polls\system\CodeIgniter.php(936): App\Controllers\Home->auth()
#1 C:\wamp64\www\scit-polls\system\CodeIgniter.php(432): CodeIgniter\CodeIgniter->runController(Object(App\Controllers\Home))
#2 C:\wamp64\www\scit-polls\system\CodeIgniter.php(333): CodeIgniter\CodeIgniter->handleRequest(NULL, Object(Config\Cache), false)
#3 C:\wamp64\www\scit-polls\public\index.php(44): CodeIgniter\CodeIgniter->run()
#4 {main}
CRITICAL - 2021-03-25 15:45:54 --> Class 'AuthModel' not found
#0 C:\wamp64\www\scit-polls\system\CodeIgniter.php(936): App\Controllers\Home->auth()
#1 C:\wamp64\www\scit-polls\system\CodeIgniter.php(432): CodeIgniter\CodeIgniter->runController(Object(App\Controllers\Home))
#2 C:\wamp64\www\scit-polls\system\CodeIgniter.php(333): CodeIgniter\CodeIgniter->handleRequest(NULL, Object(Config\Cache), false)
#3 C:\wamp64\www\scit-polls\public\index.php(44): CodeIgniter\CodeIgniter->run()
#4 {main}
CRITICAL - 2021-03-25 15:46:31 --> Class 'AuthModel' not found
#0 C:\wamp64\www\scit-polls\system\CodeIgniter.php(936): App\Controllers\Home->auth()
#1 C:\wamp64\www\scit-polls\system\CodeIgniter.php(432): CodeIgniter\CodeIgniter->runController(Object(App\Controllers\Home))
#2 C:\wamp64\www\scit-polls\system\CodeIgniter.php(333): CodeIgniter\CodeIgniter->handleRequest(NULL, Object(Config\Cache), false)
#3 C:\wamp64\www\scit-polls\public\index.php(44): CodeIgniter\CodeIgniter->run()
#4 {main}
CRITICAL - 2021-03-25 15:47:52 --> Class 'AuthModel' not found
#0 C:\wamp64\www\scit-polls\system\CodeIgniter.php(936): App\Controllers\Home->auth()
#1 C:\wamp64\www\scit-polls\system\CodeIgniter.php(432): CodeIgniter\CodeIgniter->runController(Object(App\Controllers\Home))
#2 C:\wamp64\www\scit-polls\system\CodeIgniter.php(333): CodeIgniter\CodeIgniter->handleRequest(NULL, Object(Config\Cache), false)
#3 C:\wamp64\www\scit-polls\public\index.php(44): CodeIgniter\CodeIgniter->run()
#4 {main}
CRITICAL - 2021-03-25 15:47:57 --> Class 'AuthModel' not found
#0 C:\wamp64\www\scit-polls\system\CodeIgniter.php(936): App\Controllers\Home->auth()
#1 C:\wamp64\www\scit-polls\system\CodeIgniter.php(432): CodeIgniter\CodeIgniter->runController(Object(App\Controllers\Home))
#2 C:\wamp64\www\scit-polls\system\CodeIgniter.php(333): CodeIgniter\CodeIgniter->handleRequest(NULL, Object(Config\Cache), false)
#3 C:\wamp64\www\scit-polls\public\index.php(44): CodeIgniter\CodeIgniter->run()
#4 {main}
CRITICAL - 2021-03-25 15:49:32 --> include_once(C:\wamp64\www\scit-polls\app\Models/AuthModel): failed to open stream: No such file or directory
#0 C:\wamp64\www\scit-polls\system\Autoloader\Autoloader.php(128): CodeIgniter\Debug\Exceptions->errorHandler(2, 'include_once(C:...', 'C:\\wamp64\\www\\s...', 128, Array)
#1 C:\wamp64\www\scit-polls\system\Autoloader\Autoloader.php(128): include_once()
#2 [internal function]: CodeIgniter\Autoloader\Autoloader->CodeIgniter\Autoloader\{closure}('AuthModel')
#3 C:\wamp64\www\scit-polls\app\Controllers\Home.php(16): spl_autoload_call('AuthModel')
#4 C:\wamp64\www\scit-polls\system\CodeIgniter.php(936): App\Controllers\Home->auth()
#5 C:\wamp64\www\scit-polls\system\CodeIgniter.php(432): CodeIgniter\CodeIgniter->runController(Object(App\Controllers\Home))
#6 C:\wamp64\www\scit-polls\system\CodeIgniter.php(333): CodeIgniter\CodeIgniter->handleRequest(NULL, Object(Config\Cache), false)
#7 C:\wamp64\www\scit-polls\public\index.php(44): CodeIgniter\CodeIgniter->run()
#8 {main}
CRITICAL - 2021-03-25 15:53:35 --> Class 'AuthModel' not found
#0 C:\wamp64\www\scit-polls\system\CodeIgniter.php(936): App\Controllers\Home->auth()
#1 C:\wamp64\www\scit-polls\system\CodeIgniter.php(432): CodeIgniter\CodeIgniter->runController(Object(App\Controllers\Home))
#2 C:\wamp64\www\scit-polls\system\CodeIgniter.php(333): CodeIgniter\CodeIgniter->handleRequest(NULL, Object(Config\Cache), false)
#3 C:\wamp64\www\scit-polls\public\index.php(44): CodeIgniter\CodeIgniter->run()
#4 {main}
CRITICAL - 2021-03-25 15:57:26 --> Class 'AuthModel' not found
#0 C:\wamp64\www\scit-polls\system\CodeIgniter.php(936): App\Controllers\Home->auth()
#1 C:\wamp64\www\scit-polls\system\CodeIgniter.php(432): CodeIgniter\CodeIgniter->runController(Object(App\Controllers\Home))
#2 C:\wamp64\www\scit-polls\system\CodeIgniter.php(333): CodeIgniter\CodeIgniter->handleRequest(NULL, Object(Config\Cache), false)
#3 C:\wamp64\www\scit-polls\public\index.php(44): CodeIgniter\CodeIgniter->run()
#4 {main}
CRITICAL - 2021-03-25 15:58:18 --> Class 'AuthModel' not found
#0 C:\wamp64\www\scit-polls\system\CodeIgniter.php(936): App\Controllers\Home->auth()
#1 C:\wamp64\www\scit-polls\system\CodeIgniter.php(432): CodeIgniter\CodeIgniter->runController(Object(App\Controllers\Home))
#2 C:\wamp64\www\scit-polls\system\CodeIgniter.php(333): CodeIgniter\CodeIgniter->handleRequest(NULL, Object(Config\Cache), false)
#3 C:\wamp64\www\scit-polls\public\index.php(44): CodeIgniter\CodeIgniter->run()
#4 {main}
CRITICAL - 2021-03-25 16:05:49 --> Class 'Models\AuthModel' not found
#0 C:\wamp64\www\scit-polls\system\CodeIgniter.php(936): App\Controllers\Home->auth()
#1 C:\wamp64\www\scit-polls\system\CodeIgniter.php(432): CodeIgniter\CodeIgniter->runController(Object(App\Controllers\Home))
#2 C:\wamp64\www\scit-polls\system\CodeIgniter.php(333): CodeIgniter\CodeIgniter->handleRequest(NULL, Object(Config\Cache), false)
#3 C:\wamp64\www\scit-polls\public\index.php(44): CodeIgniter\CodeIgniter->run()
#4 {main}
CRITICAL - 2021-03-25 16:05:59 --> Class 'Models\AuthModel' not found
#0 C:\wamp64\www\scit-polls\system\CodeIgniter.php(936): App\Controllers\Home->auth()
#1 C:\wamp64\www\scit-polls\system\CodeIgniter.php(432): CodeIgniter\CodeIgniter->runController(Object(App\Controllers\Home))
#2 C:\wamp64\www\scit-polls\system\CodeIgniter.php(333): CodeIgniter\CodeIgniter->handleRequest(NULL, Object(Config\Cache), false)
#3 C:\wamp64\www\scit-polls\public\index.php(44): CodeIgniter\CodeIgniter->run()
#4 {main}
CRITICAL - 2021-03-25 16:07:27 --> Class 'Models\AuthModel' not found
#0 C:\wamp64\www\scit-polls\system\CodeIgniter.php(936): App\Controllers\Home->auth()
#1 C:\wamp64\www\scit-polls\system\CodeIgniter.php(432): CodeIgniter\CodeIgniter->runController(Object(App\Controllers\Home))
#2 C:\wamp64\www\scit-polls\system\CodeIgniter.php(333): CodeIgniter\CodeIgniter->handleRequest(NULL, Object(Config\Cache), false)
#3 C:\wamp64\www\scit-polls\public\index.php(44): CodeIgniter\CodeIgniter->run()
#4 {main}
CRITICAL - 2021-03-25 16:07:49 --> Class 'Models\AuthModel' not found
#0 C:\wamp64\www\scit-polls\system\CodeIgniter.php(936): App\Controllers\Home->auth()
#1 C:\wamp64\www\scit-polls\system\CodeIgniter.php(432): CodeIgniter\CodeIgniter->runController(Object(App\Controllers\Home))
#2 C:\wamp64\www\scit-polls\system\CodeIgniter.php(333): CodeIgniter\CodeIgniter->handleRequest(NULL, Object(Config\Cache), false)
#3 C:\wamp64\www\scit-polls\public\index.php(44): CodeIgniter\CodeIgniter->run()
#4 {main}
CRITICAL - 2021-03-25 16:09:20 --> Class 'Models\AuthModel' not found
#0 C:\wamp64\www\scit-polls\system\CodeIgniter.php(936): App\Controllers\Home->auth()
#1 C:\wamp64\www\scit-polls\system\CodeIgniter.php(432): CodeIgniter\CodeIgniter->runController(Object(App\Controllers\Home))
#2 C:\wamp64\www\scit-polls\system\CodeIgniter.php(333): CodeIgniter\CodeIgniter->handleRequest(NULL, Object(Config\Cache), false)
#3 C:\wamp64\www\scit-polls\public\index.php(44): CodeIgniter\CodeIgniter->run()
#4 {main}
CRITICAL - 2021-03-25 16:11:17 --> Class 'AuthModel' not found
#0 C:\wamp64\www\scit-polls\system\CodeIgniter.php(936): App\Controllers\Home->auth()
#1 C:\wamp64\www\scit-polls\system\CodeIgniter.php(432): CodeIgniter\CodeIgniter->runController(Object(App\Controllers\Home))
#2 C:\wamp64\www\scit-polls\system\CodeIgniter.php(333): CodeIgniter\CodeIgniter->handleRequest(NULL, Object(Config\Cache), false)
#3 C:\wamp64\www\scit-polls\public\index.php(44): CodeIgniter\CodeIgniter->run()
#4 {main}
CRITICAL - 2021-03-25 16:44:08 --> Class 'Db_model' not found
#0 C:\wamp64\www\scit-polls\app\Controllers\Home.php(16): App\Models\AuthModel->__construct()
#1 C:\wamp64\www\scit-polls\system\CodeIgniter.php(936): App\Controllers\Home->auth()
#2 C:\wamp64\www\scit-polls\system\CodeIgniter.php(432): CodeIgniter\CodeIgniter->runController(Object(App\Controllers\Home))
#3 C:\wamp64\www\scit-polls\system\CodeIgniter.php(333): CodeIgniter\CodeIgniter->handleRequest(NULL, Object(Config\Cache), false)
#4 C:\wamp64\www\scit-polls\public\index.php(44): CodeIgniter\CodeIgniter->run()
#5 {main}
CRITICAL - 2021-03-25 16:45:47 --> Class 'Db_model' not found
#0 C:\wamp64\www\scit-polls\app\Controllers\Home.php(16): App\Models\AuthModel->__construct()
#1 C:\wamp64\www\scit-polls\system\CodeIgniter.php(936): App\Controllers\Home->auth()
#2 C:\wamp64\www\scit-polls\system\CodeIgniter.php(432): CodeIgniter\CodeIgniter->runController(Object(App\Controllers\Home))
#3 C:\wamp64\www\scit-polls\system\CodeIgniter.php(333): CodeIgniter\CodeIgniter->handleRequest(NULL, Object(Config\Cache), false)
#4 C:\wamp64\www\scit-polls\public\index.php(44): CodeIgniter\CodeIgniter->run()
#5 {main}
CRITICAL - 2021-03-25 16:50:08 --> Class 'Db_model' not found
#0 C:\wamp64\www\scit-polls\app\Controllers\Home.php(19): App\Models\AuthModel->auth_user('', '')
#1 C:\wamp64\www\scit-polls\system\CodeIgniter.php(936): App\Controllers\Home->auth()
#2 C:\wamp64\www\scit-polls\system\CodeIgniter.php(432): CodeIgniter\CodeIgniter->runController(Object(App\Controllers\Home))
#3 C:\wamp64\www\scit-polls\system\CodeIgniter.php(333): CodeIgniter\CodeIgniter->handleRequest(NULL, Object(Config\Cache), false)
#4 C:\wamp64\www\scit-polls\public\index.php(44): CodeIgniter\CodeIgniter->run()
#5 {main}
CRITICAL - 2021-03-25 16:51:17 --> Class 'Db_model' not found
#0 C:\wamp64\www\scit-polls\app\Controllers\Home.php(19): App\Models\AuthModel->auth_user('', '')
#1 C:\wamp64\www\scit-polls\system\CodeIgniter.php(936): App\Controllers\Home->auth()
#2 C:\wamp64\www\scit-polls\system\CodeIgniter.php(432): CodeIgniter\CodeIgniter->runController(Object(App\Controllers\Home))
#3 C:\wamp64\www\scit-polls\system\CodeIgniter.php(333): CodeIgniter\CodeIgniter->handleRequest(NULL, Object(Config\Cache), false)
#4 C:\wamp64\www\scit-polls\public\index.php(44): CodeIgniter\CodeIgniter->run()
#5 {main}
CRITICAL - 2021-03-25 16:51:33 --> Class 'App\Models\AuthModel' not found
#0 C:\wamp64\www\scit-polls\system\CodeIgniter.php(936): App\Controllers\Home->auth()
#1 C:\wamp64\www\scit-polls\system\CodeIgniter.php(432): CodeIgniter\CodeIgniter->runController(Object(App\Controllers\Home))
#2 C:\wamp64\www\scit-polls\system\CodeIgniter.php(333): CodeIgniter\CodeIgniter->handleRequest(NULL, Object(Config\Cache), false)
#3 C:\wamp64\www\scit-polls\public\index.php(44): CodeIgniter\CodeIgniter->run()
#4 {main}
CRITICAL - 2021-03-25 17:00:02 --> Class 'Db_model' not found
#0 C:\wamp64\www\scit-polls\app\Controllers\Home.php(19): App\Models\AuthModel->auth_user('', '')
#1 C:\wamp64\www\scit-polls\system\CodeIgniter.php(936): App\Controllers\Home->auth()
#2 C:\wamp64\www\scit-polls\system\CodeIgniter.php(432): CodeIgniter\CodeIgniter->runController(Object(App\Controllers\Home))
#3 C:\wamp64\www\scit-polls\system\CodeIgniter.php(333): CodeIgniter\CodeIgniter->handleRequest(NULL, Object(Config\Cache), false)
#4 C:\wamp64\www\scit-polls\public\index.php(44): CodeIgniter\CodeIgniter->run()
#5 {main}
CRITICAL - 2021-03-25 17:02:59 --> Argument 1 passed to Db_model::connect() must be of the type array, null given, called in C:\wamp64\www\scit-polls\app\ThirdParty\bluefaces\Db_Model.php on line 66
#0 C:\wamp64\www\scit-polls\app\ThirdParty\bluefaces\Db_Model.php(66): Db_model->connect(NULL)
#1 C:\wamp64\www\scit-polls\app\Models\AuthModel.php(13): Db_model->__construct()
#2 C:\wamp64\www\scit-polls\app\Controllers\Home.php(19): App\Models\AuthModel->auth_user('', '')
#3 C:\wamp64\www\scit-polls\system\CodeIgniter.php(936): App\Controllers\Home->auth()
#4 C:\wamp64\www\scit-polls\system\CodeIgniter.php(432): CodeIgniter\CodeIgniter->runController(Object(App\Controllers\Home))
#5 C:\wamp64\www\scit-polls\system\CodeIgniter.php(333): CodeIgniter\CodeIgniter->handleRequest(NULL, Object(Config\Cache), false)
#6 C:\wamp64\www\scit-polls\public\index.php(44): CodeIgniter\CodeIgniter->run()
#7 {main}
CRITICAL - 2021-03-25 17:06:29 --> Argument 1 passed to Db_model::connect() must be of the type array, null given, called in C:\wamp64\www\scit-polls\app\ThirdParty\bluefaces\Db_Model.php on line 66
#0 C:\wamp64\www\scit-polls\app\ThirdParty\bluefaces\Db_Model.php(66): Db_model->connect(NULL)
#1 C:\wamp64\www\scit-polls\app\Models\AuthModel.php(13): Db_model->__construct()
#2 C:\wamp64\www\scit-polls\app\Controllers\Home.php(19): App\Models\AuthModel->auth_user('', '')
#3 C:\wamp64\www\scit-polls\system\CodeIgniter.php(936): App\Controllers\Home->auth()
#4 C:\wamp64\www\scit-polls\system\CodeIgniter.php(432): CodeIgniter\CodeIgniter->runController(Object(App\Controllers\Home))
#5 C:\wamp64\www\scit-polls\system\CodeIgniter.php(333): CodeIgniter\CodeIgniter->handleRequest(NULL, Object(Config\Cache), false)
#6 C:\wamp64\www\scit-polls\public\index.php(44): CodeIgniter\CodeIgniter->run()
#7 {main}
CRITICAL - 2021-03-25 17:06:32 --> Argument 1 passed to Db_model::connect() must be of the type array, null given, called in C:\wamp64\www\scit-polls\app\ThirdParty\bluefaces\Db_Model.php on line 66
#0 C:\wamp64\www\scit-polls\app\ThirdParty\bluefaces\Db_Model.php(66): Db_model->connect(NULL)
#1 C:\wamp64\www\scit-polls\app\Models\AuthModel.php(13): Db_model->__construct()
#2 C:\wamp64\www\scit-polls\app\Controllers\Home.php(19): App\Models\AuthModel->auth_user('', '')
#3 C:\wamp64\www\scit-polls\system\CodeIgniter.php(936): App\Controllers\Home->auth()
#4 C:\wamp64\www\scit-polls\system\CodeIgniter.php(432): CodeIgniter\CodeIgniter->runController(Object(App\Controllers\Home))
#5 C:\wamp64\www\scit-polls\system\CodeIgniter.php(333): CodeIgniter\CodeIgniter->handleRequest(NULL, Object(Config\Cache), false)
#6 C:\wamp64\www\scit-polls\public\index.php(44): CodeIgniter\CodeIgniter->run()
#7 {main}
CRITICAL - 2021-03-25 17:06:44 --> Argument 1 passed to Db_model::connect() must be of the type array, null given, called in C:\wamp64\www\scit-polls\app\ThirdParty\bluefaces\Db_Model.php on line 66
#0 C:\wamp64\www\scit-polls\app\ThirdParty\bluefaces\Db_Model.php(66): Db_model->connect(NULL)
#1 C:\wamp64\www\scit-polls\app\Models\AuthModel.php(13): Db_model->__construct()
#2 C:\wamp64\www\scit-polls\app\Controllers\Home.php(19): App\Models\AuthModel->auth_user('', '')
#3 C:\wamp64\www\scit-polls\system\CodeIgniter.php(936): App\Controllers\Home->auth()
#4 C:\wamp64\www\scit-polls\system\CodeIgniter.php(432): CodeIgniter\CodeIgniter->runController(Object(App\Controllers\Home))
#5 C:\wamp64\www\scit-polls\system\CodeIgniter.php(333): CodeIgniter\CodeIgniter->handleRequest(NULL, Object(Config\Cache), false)
#6 C:\wamp64\www\scit-polls\public\index.php(44): CodeIgniter\CodeIgniter->run()
#7 {main}
CRITICAL - 2021-03-25 17:07:32 --> Argument 1 passed to Db_model::connect() must be of the type array, null given, called in C:\wamp64\www\scit-polls\app\ThirdParty\bluefaces\Db_Model.php on line 65
#0 C:\wamp64\www\scit-polls\app\ThirdParty\bluefaces\Db_Model.php(65): Db_model->connect(NULL)
#1 C:\wamp64\www\scit-polls\app\Models\AuthModel.php(13): Db_model->__construct()
#2 C:\wamp64\www\scit-polls\app\Controllers\Home.php(19): App\Models\AuthModel->auth_user('', '')
#3 C:\wamp64\www\scit-polls\system\CodeIgniter.php(936): App\Controllers\Home->auth()
#4 C:\wamp64\www\scit-polls\system\CodeIgniter.php(432): CodeIgniter\CodeIgniter->runController(Object(App\Controllers\Home))
#5 C:\wamp64\www\scit-polls\system\CodeIgniter.php(333): CodeIgniter\CodeIgniter->handleRequest(NULL, Object(Config\Cache), false)
#6 C:\wamp64\www\scit-polls\public\index.php(44): CodeIgniter\CodeIgniter->run()
#7 {main}
CRITICAL - 2021-03-25 17:07:35 --> Argument 1 passed to Db_model::connect() must be of the type array, null given, called in C:\wamp64\www\scit-polls\app\ThirdParty\bluefaces\Db_Model.php on line 65
#0 C:\wamp64\www\scit-polls\app\ThirdParty\bluefaces\Db_Model.php(65): Db_model->connect(NULL)
#1 C:\wamp64\www\scit-polls\app\Models\AuthModel.php(13): Db_model->__construct()
#2 C:\wamp64\www\scit-polls\app\Controllers\Home.php(19): App\Models\AuthModel->auth_user('', '')
#3 C:\wamp64\www\scit-polls\system\CodeIgniter.php(936): App\Controllers\Home->auth()
#4 C:\wamp64\www\scit-polls\system\CodeIgniter.php(432): CodeIgniter\CodeIgniter->runController(Object(App\Controllers\Home))
#5 C:\wamp64\www\scit-polls\system\CodeIgniter.php(333): CodeIgniter\CodeIgniter->handleRequest(NULL, Object(Config\Cache), false)
#6 C:\wamp64\www\scit-polls\public\index.php(44): CodeIgniter\CodeIgniter->run()
#7 {main}
CRITICAL - 2021-03-25 17:09:03 --> Argument 1 passed to Db_model::connect() must be of the type array, null given, called in C:\wamp64\www\scit-polls\app\ThirdParty\bluefaces\Db_Model.php on line 65
#0 C:\wamp64\www\scit-polls\app\ThirdParty\bluefaces\Db_Model.php(65): Db_model->connect(NULL)
#1 C:\wamp64\www\scit-polls\app\Models\AuthModel.php(12): Db_model->__construct()
#2 C:\wamp64\www\scit-polls\app\Controllers\Home.php(19): App\Models\AuthModel->auth_user('', '')
#3 C:\wamp64\www\scit-polls\system\CodeIgniter.php(936): App\Controllers\Home->auth()
#4 C:\wamp64\www\scit-polls\system\CodeIgniter.php(432): CodeIgniter\CodeIgniter->runController(Object(App\Controllers\Home))
#5 C:\wamp64\www\scit-polls\system\CodeIgniter.php(333): CodeIgniter\CodeIgniter->handleRequest(NULL, Object(Config\Cache), false)
#6 C:\wamp64\www\scit-polls\public\index.php(44): CodeIgniter\CodeIgniter->run()
#7 {main}
CRITICAL - 2021-03-25 17:10:11 --> Argument 1 passed to Db_model::connect() must be of the type array, null given, called in C:\wamp64\www\scit-polls\app\ThirdParty\bluefaces\Db_Model.php on line 65
#0 C:\wamp64\www\scit-polls\app\ThirdParty\bluefaces\Db_Model.php(65): Db_model->connect(NULL)
#1 C:\wamp64\www\scit-polls\app\Models\AuthModel.php(12): Db_model->__construct()
#2 C:\wamp64\www\scit-polls\app\Controllers\Home.php(19): App\Models\AuthModel->auth_user('', '')
#3 C:\wamp64\www\scit-polls\system\CodeIgniter.php(936): App\Controllers\Home->auth()
#4 C:\wamp64\www\scit-polls\system\CodeIgniter.php(432): CodeIgniter\CodeIgniter->runController(Object(App\Controllers\Home))
#5 C:\wamp64\www\scit-polls\system\CodeIgniter.php(333): CodeIgniter\CodeIgniter->handleRequest(NULL, Object(Config\Cache), false)
#6 C:\wamp64\www\scit-polls\public\index.php(44): CodeIgniter\CodeIgniter->run()
#7 {main}
CRITICAL - 2021-03-25 17:10:15 --> Argument 1 passed to Db_model::connect() must be of the type array, null given, called in C:\wamp64\www\scit-polls\app\ThirdParty\bluefaces\Db_Model.php on line 65
#0 C:\wamp64\www\scit-polls\app\ThirdParty\bluefaces\Db_Model.php(65): Db_model->connect(NULL)
#1 C:\wamp64\www\scit-polls\app\Models\AuthModel.php(12): Db_model->__construct()
#2 C:\wamp64\www\scit-polls\app\Controllers\Home.php(19): App\Models\AuthModel->auth_user('', '')
#3 C:\wamp64\www\scit-polls\system\CodeIgniter.php(936): App\Controllers\Home->auth()
#4 C:\wamp64\www\scit-polls\system\CodeIgniter.php(432): CodeIgniter\CodeIgniter->runController(Object(App\Controllers\Home))
#5 C:\wamp64\www\scit-polls\system\CodeIgniter.php(333): CodeIgniter\CodeIgniter->handleRequest(NULL, Object(Config\Cache), false)
#6 C:\wamp64\www\scit-polls\public\index.php(44): CodeIgniter\CodeIgniter->run()
#7 {main}
CRITICAL - 2021-03-25 17:10:56 --> Argument 1 passed to Db_model::connect() must be of the type array, null given, called in C:\wamp64\www\scit-polls\app\ThirdParty\bluefaces\Db_Model.php on line 65
#0 C:\wamp64\www\scit-polls\app\ThirdParty\bluefaces\Db_Model.php(65): Db_model->connect(NULL)
#1 C:\wamp64\www\scit-polls\app\Models\AuthModel.php(12): Db_model->__construct()
#2 C:\wamp64\www\scit-polls\app\Controllers\Home.php(19): App\Models\AuthModel->auth_user('', '')
#3 C:\wamp64\www\scit-polls\system\CodeIgniter.php(936): App\Controllers\Home->auth()
#4 C:\wamp64\www\scit-polls\system\CodeIgniter.php(432): CodeIgniter\CodeIgniter->runController(Object(App\Controllers\Home))
#5 C:\wamp64\www\scit-polls\system\CodeIgniter.php(333): CodeIgniter\CodeIgniter->handleRequest(NULL, Object(Config\Cache), false)
#6 C:\wamp64\www\scit-polls\public\index.php(44): CodeIgniter\CodeIgniter->run()
#7 {main}
CRITICAL - 2021-03-25 17:13:31 --> SQLSTATE[3D000]: Invalid catalog name: 1046 No database selected
#0 C:\wamp64\www\scit-polls\app\ThirdParty\bluefaces\Db_Model.php(138): PDOStatement->execute(Array)
#1 C:\wamp64\www\scit-polls\app\Models\AuthModel.php(15): Db_model->getValues('student_no, pas...', 'student')
#2 C:\wamp64\www\scit-polls\app\Controllers\Home.php(19): App\Models\AuthModel->auth_user('', '')
#3 C:\wamp64\www\scit-polls\system\CodeIgniter.php(936): App\Controllers\Home->auth()
#4 C:\wamp64\www\scit-polls\system\CodeIgniter.php(432): CodeIgniter\CodeIgniter->runController(Object(App\Controllers\Home))
#5 C:\wamp64\www\scit-polls\system\CodeIgniter.php(333): CodeIgniter\CodeIgniter->handleRequest(NULL, Object(Config\Cache), false)
#6 C:\wamp64\www\scit-polls\public\index.php(44): CodeIgniter\CodeIgniter->run()
#7 {main}
CRITICAL - 2021-03-25 17:15:19 --> SQLSTATE[3D000]: Invalid catalog name: 1046 No database selected
#0 C:\wamp64\www\scit-polls\app\ThirdParty\bluefaces\Db_Model.php(138): PDOStatement->execute(Array)
#1 C:\wamp64\www\scit-polls\app\Models\AuthModel.php(15): Db_model->getValues('student_no, pas...', 'student')
#2 C:\wamp64\www\scit-polls\app\Controllers\Home.php(19): App\Models\AuthModel->auth_user('', '')
#3 C:\wamp64\www\scit-polls\system\CodeIgniter.php(936): App\Controllers\Home->auth()
#4 C:\wamp64\www\scit-polls\system\CodeIgniter.php(432): CodeIgniter\CodeIgniter->runController(Object(App\Controllers\Home))
#5 C:\wamp64\www\scit-polls\system\CodeIgniter.php(333): CodeIgniter\CodeIgniter->handleRequest(NULL, Object(Config\Cache), false)
#6 C:\wamp64\www\scit-polls\public\index.php(44): CodeIgniter\CodeIgniter->run()
#7 {main}
CRITICAL - 2021-03-25 17:15:22 --> SQLSTATE[3D000]: Invalid catalog name: 1046 No database selected
#0 C:\wamp64\www\scit-polls\app\ThirdParty\bluefaces\Db_Model.php(138): PDOStatement->execute(Array)
#1 C:\wamp64\www\scit-polls\app\Models\AuthModel.php(15): Db_model->getValues('student_no, pas...', 'student')
#2 C:\wamp64\www\scit-polls\app\Controllers\Home.php(19): App\Models\AuthModel->auth_user('', '')
#3 C:\wamp64\www\scit-polls\system\CodeIgniter.php(936): App\Controllers\Home->auth()
#4 C:\wamp64\www\scit-polls\system\CodeIgniter.php(432): CodeIgniter\CodeIgniter->runController(Object(App\Controllers\Home))
#5 C:\wamp64\www\scit-polls\system\CodeIgniter.php(333): CodeIgniter\CodeIgniter->handleRequest(NULL, Object(Config\Cache), false)
#6 C:\wamp64\www\scit-polls\public\index.php(44): CodeIgniter\CodeIgniter->run()
#7 {main}
CRITICAL - 2021-03-25 17:16:25 --> Class 'Db_model' not found
#0 C:\wamp64\www\scit-polls\app\Controllers\Home.php(19): App\Models\AuthModel->auth_user('', '')
#1 C:\wamp64\www\scit-polls\system\CodeIgniter.php(936): App\Controllers\Home->auth()
#2 C:\wamp64\www\scit-polls\system\CodeIgniter.php(432): CodeIgniter\CodeIgniter->runController(Object(App\Controllers\Home))
#3 C:\wamp64\www\scit-polls\system\CodeIgniter.php(333): CodeIgniter\CodeIgniter->handleRequest(NULL, Object(Config\Cache), false)
#4 C:\wamp64\www\scit-polls\public\index.php(44): CodeIgniter\CodeIgniter->run()
#5 {main}
CRITICAL - 2021-03-25 17:17:12 --> Class 'Db_model' not found
#0 C:\wamp64\www\scit-polls\app\Controllers\Home.php(19): App\Models\AuthModel->auth_user('', '')
#1 C:\wamp64\www\scit-polls\system\CodeIgniter.php(936): App\Controllers\Home->auth()
#2 C:\wamp64\www\scit-polls\system\CodeIgniter.php(432): CodeIgniter\CodeIgniter->runController(Object(App\Controllers\Home))
#3 C:\wamp64\www\scit-polls\system\CodeIgniter.php(333): CodeIgniter\CodeIgniter->handleRequest(NULL, Object(Config\Cache), false)
#4 C:\wamp64\www\scit-polls\public\index.php(44): CodeIgniter\CodeIgniter->run()
#5 {main}
CRITICAL - 2021-03-25 17:17:37 --> Class 'Db_Model' not found
#0 C:\wamp64\www\scit-polls\app\Controllers\Home.php(19): App\Models\AuthModel->auth_user('', '')
#1 C:\wamp64\www\scit-polls\system\CodeIgniter.php(936): App\Controllers\Home->auth()
#2 C:\wamp64\www\scit-polls\system\CodeIgniter.php(432): CodeIgniter\CodeIgniter->runController(Object(App\Controllers\Home))
#3 C:\wamp64\www\scit-polls\system\CodeIgniter.php(333): CodeIgniter\CodeIgniter->handleRequest(NULL, Object(Config\Cache), false)
#4 C:\wamp64\www\scit-polls\public\index.php(44): CodeIgniter\CodeIgniter->run()
#5 {main}
CRITICAL - 2021-03-25 17:19:02 --> Class 'DbModel' not found
#0 C:\wamp64\www\scit-polls\app\Controllers\Home.php(19): App\Models\AuthModel->auth_user('', '')
#1 C:\wamp64\www\scit-polls\system\CodeIgniter.php(936): App\Controllers\Home->auth()
#2 C:\wamp64\www\scit-polls\system\CodeIgniter.php(432): CodeIgniter\CodeIgniter->runController(Object(App\Controllers\Home))
#3 C:\wamp64\www\scit-polls\system\CodeIgniter.php(333): CodeIgniter\CodeIgniter->handleRequest(NULL, Object(Config\Cache), false)
#4 C:\wamp64\www\scit-polls\public\index.php(44): CodeIgniter\CodeIgniter->run()
#5 {main}
CRITICAL - 2021-03-25 17:24:29 --> Class 'App\Models\DbModel' not found
#0 C:\wamp64\www\scit-polls\app\Controllers\Home.php(19): App\Models\AuthModel->auth_user('', '')
#1 C:\wamp64\www\scit-polls\system\CodeIgniter.php(936): App\Controllers\Home->auth()
#2 C:\wamp64\www\scit-polls\system\CodeIgniter.php(432): CodeIgniter\CodeIgniter->runController(Object(App\Controllers\Home))
#3 C:\wamp64\www\scit-polls\system\CodeIgniter.php(333): CodeIgniter\CodeIgniter->handleRequest(NULL, Object(Config\Cache), false)
#4 C:\wamp64\www\scit-polls\public\index.php(44): CodeIgniter\CodeIgniter->run()
#5 {main}
CRITICAL - 2021-03-25 17:26:14 --> SQLSTATE[HY000] [1049] Unknown database 'scit_vote'
#0 C:\wamp64\www\scit-polls\app\ThirdParty\bluefaces\DbModel.php(74): PDO->__construct('mysql:host=loca...', 'root', '', Array)
#1 C:\wamp64\www\scit-polls\app\ThirdParty\bluefaces\DbModel.php(69): DbModel->connect()
#2 C:\wamp64\www\scit-polls\app\Models\AuthModel.php(13): DbModel->__construct()
#3 C:\wamp64\www\scit-polls\app\Controllers\Home.php(19): App\Models\AuthModel->auth_user('', '')
#4 C:\wamp64\www\scit-polls\system\CodeIgniter.php(936): App\Controllers\Home->auth()
#5 C:\wamp64\www\scit-polls\system\CodeIgniter.php(432): CodeIgniter\CodeIgniter->runController(Object(App\Controllers\Home))
#6 C:\wamp64\www\scit-polls\system\CodeIgniter.php(333): CodeIgniter\CodeIgniter->handleRequest(NULL, Object(Config\Cache), false)
#7 C:\wamp64\www\scit-polls\public\index.php(44): CodeIgniter\CodeIgniter->run()
#8 {main}
CRITICAL - 2021-03-25 17:29:45 --> Class 'BL_Controller' not found
#0 C:\wamp64\www\scit-polls\app\Models\AuthModel.php(13): DbModel->__construct()
#1 C:\wamp64\www\scit-polls\app\Controllers\Home.php(20): App\Models\AuthModel->auth_user('', '')
#2 C:\wamp64\www\scit-polls\system\CodeIgniter.php(936): App\Controllers\Home->auth()
#3 C:\wamp64\www\scit-polls\system\CodeIgniter.php(432): CodeIgniter\CodeIgniter->runController(Object(App\Controllers\Home))
#4 C:\wamp64\www\scit-polls\system\CodeIgniter.php(333): CodeIgniter\CodeIgniter->handleRequest(NULL, Object(Config\Cache), false)
#5 C:\wamp64\www\scit-polls\public\index.php(44): CodeIgniter\CodeIgniter->run()
#6 {main}
CRITICAL - 2021-03-25 17:30:50 --> SQLSTATE[HY000] [1049] Unknown database 'scit_vote'
#0 C:\wamp64\www\scit-polls\app\ThirdParty\bluefaces\DbModel.php(74): PDO->__construct('mysql:host=loca...', 'root', '', Array)
#1 C:\wamp64\www\scit-polls\app\ThirdParty\bluefaces\DbModel.php(69): DbModel->connect()
#2 C:\wamp64\www\scit-polls\app\Models\AuthModel.php(13): DbModel->__construct()
#3 C:\wamp64\www\scit-polls\app\Controllers\Home.php(20): App\Models\AuthModel->auth_user('', '')
#4 C:\wamp64\www\scit-polls\system\CodeIgniter.php(936): App\Controllers\Home->auth()
#5 C:\wamp64\www\scit-polls\system\CodeIgniter.php(432): CodeIgniter\CodeIgniter->runController(Object(App\Controllers\Home))
#6 C:\wamp64\www\scit-polls\system\CodeIgniter.php(333): CodeIgniter\CodeIgniter->handleRequest(NULL, Object(Config\Cache), false)
#7 C:\wamp64\www\scit-polls\public\index.php(44): CodeIgniter\CodeIgniter->run()
#8 {main}
CRITICAL - 2021-03-25 17:44:57 --> password_hash() expects at least 2 parameters, 1 given
#0 [internal function]: CodeIgniter\Debug\Exceptions->errorHandler(2, 'password_hash()...', 'C:\\wamp64\\www\\s...', 12, Array)
#1 C:\wamp64\www\scit-polls\app\Controllers\Home.php(12): password_hash('@Usher96')
#2 C:\wamp64\www\scit-polls\system\CodeIgniter.php(936): App\Controllers\Home->index()
#3 C:\wamp64\www\scit-polls\system\CodeIgniter.php(432): CodeIgniter\CodeIgniter->runController(Object(App\Controllers\Home))
#4 C:\wamp64\www\scit-polls\system\CodeIgniter.php(333): CodeIgniter\CodeIgniter->handleRequest(NULL, Object(Config\Cache), false)
#5 C:\wamp64\www\scit-polls\public\index.php(44): CodeIgniter\CodeIgniter->run()
#6 {main}
CRITICAL - 2021-03-25 17:47:08 --> Expected only 1 column name to be parsed
#0 C:\wamp64\www\scit-polls\app\Models\AuthModel.php(34): DbModel->getObject('firstname, last...', 'admin')
#1 C:\wamp64\www\scit-polls\app\Controllers\Home.php(20): App\Models\AuthModel->auth_user('usher.godwin@ya...', '@usher96')
#2 C:\wamp64\www\scit-polls\system\CodeIgniter.php(936): App\Controllers\Home->auth()
#3 C:\wamp64\www\scit-polls\system\CodeIgniter.php(432): CodeIgniter\CodeIgniter->runController(Object(App\Controllers\Home))
#4 C:\wamp64\www\scit-polls\system\CodeIgniter.php(333): CodeIgniter\CodeIgniter->handleRequest(NULL, Object(Config\Cache), false)
#5 C:\wamp64\www\scit-polls\public\index.php(44): CodeIgniter\CodeIgniter->run()
#6 {main}
CRITICAL - 2021-03-25 17:48:15 --> Expected only 1 column name to be parsed
#0 C:\wamp64\www\scit-polls\app\Models\AuthModel.php(34): DbModel->getObject('firstname, last...', 'admin')
#1 C:\wamp64\www\scit-polls\app\Controllers\Home.php(20): App\Models\AuthModel->auth_user('usher.godwin@ya...', 'usher.godwin@ya...')
#2 C:\wamp64\www\scit-polls\system\CodeIgniter.php(936): App\Controllers\Home->auth()
#3 C:\wamp64\www\scit-polls\system\CodeIgniter.php(432): CodeIgniter\CodeIgniter->runController(Object(App\Controllers\Home))
#4 C:\wamp64\www\scit-polls\system\CodeIgniter.php(333): CodeIgniter\CodeIgniter->handleRequest(NULL, Object(Config\Cache), false)
#5 C:\wamp64\www\scit-polls\public\index.php(44): CodeIgniter\CodeIgniter->run()
#6 {main}
CRITICAL - 2021-03-25 18:12:57 --> Call to a member function view() on null
#0 C:\wamp64\www\scit-polls\system\CodeIgniter.php(936): App\Controllers\Home->index()
#1 C:\wamp64\www\scit-polls\system\CodeIgniter.php(432): CodeIgniter\CodeIgniter->runController(Object(App\Controllers\Home))
#2 C:\wamp64\www\scit-polls\system\CodeIgniter.php(333): CodeIgniter\CodeIgniter->handleRequest(NULL, Object(Config\Cache), false)
#3 C:\wamp64\www\scit-polls\public\index.php(44): CodeIgniter\CodeIgniter->run()
#4 {main}
CRITICAL - 2021-03-25 18:17:55 --> Call to a member function view() on null
#0 C:\wamp64\www\scit-polls\system\CodeIgniter.php(936): App\Controllers\Home->index()
#1 C:\wamp64\www\scit-polls\system\CodeIgniter.php(432): CodeIgniter\CodeIgniter->runController(Object(App\Controllers\Home))
#2 C:\wamp64\www\scit-polls\system\CodeIgniter.php(333): CodeIgniter\CodeIgniter->handleRequest(NULL, Object(Config\Cache), false)
#3 C:\wamp64\www\scit-polls\public\index.php(44): CodeIgniter\CodeIgniter->run()
#4 {main}
CRITICAL - 2021-03-25 18:36:01 -->  route cannot be found while reverse-routing.
#0 C:\wamp64\www\scit-polls\system\HTTP\RedirectResponse.php(63): CodeIgniter\HTTP\Exceptions\HTTPException::forInvalidRedirectRoute('')
#1 C:\wamp64\www\scit-polls\system\Common.php(918): CodeIgniter\HTTP\RedirectResponse->route(false)
#2 C:\wamp64\www\scit-polls\app\Controllers\Home.php(36): redirect('VoteController/...')
#3 C:\wamp64\www\scit-polls\system\CodeIgniter.php(936): App\Controllers\Home->voterDashboard()
#4 C:\wamp64\www\scit-polls\system\CodeIgniter.php(432): CodeIgniter\CodeIgniter->runController(Object(App\Controllers\Home))
#5 C:\wamp64\www\scit-polls\system\CodeIgniter.php(333): CodeIgniter\CodeIgniter->handleRequest(NULL, Object(Config\Cache), false)
#6 C:\wamp64\www\scit-polls\public\index.php(44): CodeIgniter\CodeIgniter->run()
#7 {main}
CRITICAL - 2021-03-25 18:40:34 -->  route cannot be found while reverse-routing.
#0 C:\wamp64\www\scit-polls\system\HTTP\RedirectResponse.php(63): CodeIgniter\HTTP\Exceptions\HTTPException::forInvalidRedirectRoute('')
#1 C:\wamp64\www\scit-polls\system\Common.php(918): CodeIgniter\HTTP\RedirectResponse->route(false)
#2 C:\wamp64\www\scit-polls\app\Controllers\Home.php(36): redirect('VoteController/...')
#3 C:\wamp64\www\scit-polls\system\CodeIgniter.php(936): App\Controllers\Home->voterDashboard()
#4 C:\wamp64\www\scit-polls\system\CodeIgniter.php(432): CodeIgniter\CodeIgniter->runController(Object(App\Controllers\Home))
#5 C:\wamp64\www\scit-polls\system\CodeIgniter.php(333): CodeIgniter\CodeIgniter->handleRequest(NULL, Object(Config\Cache), false)
#6 C:\wamp64\www\scit-polls\public\index.php(44): CodeIgniter\CodeIgniter->run()
#7 {main}
CRITICAL - 2021-03-25 19:15:07 -->  route cannot be found while reverse-routing.
#0 C:\wamp64\www\scit-polls\system\HTTP\RedirectResponse.php(63): CodeIgniter\HTTP\Exceptions\HTTPException::forInvalidRedirectRoute('')
#1 C:\wamp64\www\scit-polls\system\Common.php(918): CodeIgniter\HTTP\RedirectResponse->route(false)
#2 C:\wamp64\www\scit-polls\app\Controllers\VoteController.php(23): redirect('home/index')
#3 C:\wamp64\www\scit-polls\system\CodeIgniter.php(936): App\Controllers\VoteController->index()
#4 C:\wamp64\www\scit-polls\system\CodeIgniter.php(432): CodeIgniter\CodeIgniter->runController(Object(App\Controllers\VoteController))
#5 C:\wamp64\www\scit-polls\system\CodeIgniter.php(333): CodeIgniter\CodeIgniter->handleRequest(NULL, Object(Config\Cache), false)
#6 C:\wamp64\www\scit-polls\public\index.php(44): CodeIgniter\CodeIgniter->run()
#7 {main}
CRITICAL - 2021-03-25 19:16:40 -->  route cannot be found while reverse-routing.
#0 C:\wamp64\www\scit-polls\system\HTTP\RedirectResponse.php(63): CodeIgniter\HTTP\Exceptions\HTTPException::forInvalidRedirectRoute('')
#1 C:\wamp64\www\scit-polls\system\Common.php(918): CodeIgniter\HTTP\RedirectResponse->route(false)
#2 C:\wamp64\www\scit-polls\app\Controllers\VoteController.php(23): redirect('home::index')
#3 C:\wamp64\www\scit-polls\system\CodeIgniter.php(936): App\Controllers\VoteController->index()
#4 C:\wamp64\www\scit-polls\system\CodeIgniter.php(432): CodeIgniter\CodeIgniter->runController(Object(App\Controllers\VoteController))
#5 C:\wamp64\www\scit-polls\system\CodeIgniter.php(333): CodeIgniter\CodeIgniter->handleRequest(NULL, Object(Config\Cache), false)
#6 C:\wamp64\www\scit-polls\public\index.php(44): CodeIgniter\CodeIgniter->run()
#7 {main}
