CRITICAL - 2021-05-28 09:47:27 --> Class "BL_Controller" not found
#0 C:\wamp64\www\supermarket\system\CodeIgniter.php(936): App\Controllers\Home->index()
#1 C:\wamp64\www\supermarket\system\CodeIgniter.php(432): CodeIgniter\CodeIgniter->runController(Object(App\Controllers\Home))
#2 C:\wamp64\www\supermarket\system\CodeIgniter.php(333): CodeIgniter\CodeIgniter->handleRequest(NULL, Object(Config\Cache), false)
#3 C:\wamp64\www\supermarket\public\index.php(44): CodeIgniter\CodeIgniter->run()
#4 {main}
CRITICAL - 2021-05-28 10:31:59 --> Constant expression contains invalid operations
#0 [internal function]: CodeIgniter\Debug\Exceptions->shutdownHandler()
#1 {main}
CRITICAL - 2021-05-28 10:33:35 --> Constant expression contains invalid operations
#0 [internal function]: CodeIgniter\Debug\Exceptions->shutdownHandler()
#1 {main}
CRITICAL - 2021-05-28 10:43:47 --> Constant expression contains invalid operations
#0 [internal function]: CodeIgniter\Debug\Exceptions->shutdownHandler()
#1 {main}
CRITICAL - 2021-05-28 10:49:44 --> Constant expression contains invalid operations
#0 [internal function]: CodeIgniter\Debug\Exceptions->shutdownHandler()
#1 {main}
CRITICAL - 2021-05-28 10:54:51 --> Call to undefined method stdClass::beginTransaction()
#0 C:\wamp64\www\supermarket\app\Models\AuthModel.php(17): BL_Database\BL_DbModel->getObject('fname, lname, p...', 'users')
#1 C:\wamp64\www\supermarket\app\Controllers\Home.php(26): App\Models\AuthModel->auth_user('0756809525', '0756809525')
#2 C:\wamp64\www\supermarket\system\CodeIgniter.php(936): App\Controllers\Home->auth()
#3 C:\wamp64\www\supermarket\system\CodeIgniter.php(432): CodeIgniter\CodeIgniter->runController(Object(App\Controllers\Home))
#4 C:\wamp64\www\supermarket\system\CodeIgniter.php(333): CodeIgniter\CodeIgniter->handleRequest(NULL, Object(Config\Cache), false)
#5 C:\wamp64\www\supermarket\public\index.php(44): CodeIgniter\CodeIgniter->run()
#6 {main}
CRITICAL - 2021-05-28 10:59:42 --> Undefined array key "DB_HOST"
#0 C:\wamp64\www\supermarket\app\ThirdParty\bluefaces\BL_DbModel.php(19): CodeIgniter\Debug\Exceptions->errorHandler(2, 'Undefined array...', 'C:\\wamp64\\www\\s...', 19)
#1 C:\wamp64\www\supermarket\app\Models\AuthModel.php(6): include('C:\\wamp64\\www\\s...')
#2 C:\wamp64\www\supermarket\system\Autoloader\Autoloader.php(294): include_once('C:\\wamp64\\www\\s...')
#3 C:\wamp64\www\supermarket\system\Autoloader\Autoloader.php(265): CodeIgniter\Autoloader\Autoloader->includeFile('C:\\wamp64\\www\\s...')
#4 C:\wamp64\www\supermarket\system\Autoloader\Autoloader.php(228): CodeIgniter\Autoloader\Autoloader->loadInNamespace('App\\Models\\Auth...')
#5 C:\wamp64\www\supermarket\app\Controllers\Home.php(23): CodeIgniter\Autoloader\Autoloader->loadClass('App\\Models\\Auth...')
#6 C:\wamp64\www\supermarket\system\CodeIgniter.php(936): App\Controllers\Home->auth()
#7 C:\wamp64\www\supermarket\system\CodeIgniter.php(432): CodeIgniter\CodeIgniter->runController(Object(App\Controllers\Home))
#8 C:\wamp64\www\supermarket\system\CodeIgniter.php(333): CodeIgniter\CodeIgniter->handleRequest(NULL, Object(Config\Cache), false)
#9 C:\wamp64\www\supermarket\public\index.php(44): CodeIgniter\CodeIgniter->run()
#10 {main}
CRITICAL - 2021-05-28 11:00:19 --> Undefined array key "DB_HOST"
#0 C:\wamp64\www\supermarket\app\ThirdParty\bluefaces\BL_DbModel.php(19): CodeIgniter\Debug\Exceptions->errorHandler(2, 'Undefined array...', 'C:\\wamp64\\www\\s...', 19)
#1 C:\wamp64\www\supermarket\app\Models\AuthModel.php(6): include('C:\\wamp64\\www\\s...')
#2 C:\wamp64\www\supermarket\system\Autoloader\Autoloader.php(294): include_once('C:\\wamp64\\www\\s...')
#3 C:\wamp64\www\supermarket\system\Autoloader\Autoloader.php(265): CodeIgniter\Autoloader\Autoloader->includeFile('C:\\wamp64\\www\\s...')
#4 C:\wamp64\www\supermarket\system\Autoloader\Autoloader.php(228): CodeIgniter\Autoloader\Autoloader->loadInNamespace('App\\Models\\Auth...')
#5 C:\wamp64\www\supermarket\app\Controllers\Home.php(23): CodeIgniter\Autoloader\Autoloader->loadClass('App\\Models\\Auth...')
#6 C:\wamp64\www\supermarket\system\CodeIgniter.php(936): App\Controllers\Home->auth()
#7 C:\wamp64\www\supermarket\system\CodeIgniter.php(432): CodeIgniter\CodeIgniter->runController(Object(App\Controllers\Home))
#8 C:\wamp64\www\supermarket\system\CodeIgniter.php(333): CodeIgniter\CodeIgniter->handleRequest(NULL, Object(Config\Cache), false)
#9 C:\wamp64\www\supermarket\public\index.php(44): CodeIgniter\CodeIgniter->run()
#10 {main}
CRITICAL - 2021-05-28 11:15:00 --> Undefined array key "supermarket"
#0 C:\wamp64\www\supermarket\app\ThirdParty\bluefaces\BL_DbModel.php(23): CodeIgniter\Debug\Exceptions->errorHandler(2, 'Undefined array...', 'C:\\wamp64\\www\\s...', 23)
#1 C:\wamp64\www\supermarket\app\Models\AuthModel.php(6): include('C:\\wamp64\\www\\s...')
#2 C:\wamp64\www\supermarket\system\Autoloader\Autoloader.php(294): include_once('C:\\wamp64\\www\\s...')
#3 C:\wamp64\www\supermarket\system\Autoloader\Autoloader.php(265): CodeIgniter\Autoloader\Autoloader->includeFile('C:\\wamp64\\www\\s...')
#4 C:\wamp64\www\supermarket\system\Autoloader\Autoloader.php(228): CodeIgniter\Autoloader\Autoloader->loadInNamespace('App\\Models\\Auth...')
#5 C:\wamp64\www\supermarket\app\Controllers\Home.php(23): CodeIgniter\Autoloader\Autoloader->loadClass('App\\Models\\Auth...')
#6 C:\wamp64\www\supermarket\system\CodeIgniter.php(936): App\Controllers\Home->auth()
#7 C:\wamp64\www\supermarket\system\CodeIgniter.php(432): CodeIgniter\CodeIgniter->runController(Object(App\Controllers\Home))
#8 C:\wamp64\www\supermarket\system\CodeIgniter.php(333): CodeIgniter\CodeIgniter->handleRequest(NULL, Object(Config\Cache), false)
#9 C:\wamp64\www\supermarket\public\index.php(44): CodeIgniter\CodeIgniter->run()
#10 {main}
CRITICAL - 2021-05-28 11:15:34 --> Call to undefined method stdClass::beginTransaction()
#0 C:\wamp64\www\supermarket\app\Models\AuthModel.php(17): BL_Database\BL_DbModel->getObject('fname, lname, p...', 'users')
#1 C:\wamp64\www\supermarket\app\Controllers\Home.php(26): App\Models\AuthModel->auth_user('0756809525', '0756809525')
#2 C:\wamp64\www\supermarket\system\CodeIgniter.php(936): App\Controllers\Home->auth()
#3 C:\wamp64\www\supermarket\system\CodeIgniter.php(432): CodeIgniter\CodeIgniter->runController(Object(App\Controllers\Home))
#4 C:\wamp64\www\supermarket\system\CodeIgniter.php(333): CodeIgniter\CodeIgniter->handleRequest(NULL, Object(Config\Cache), false)
#5 C:\wamp64\www\supermarket\public\index.php(44): CodeIgniter\CodeIgniter->run()
#6 {main}
