CRITICAL - 2021-03-30 14:05:45 --> There is already an active transaction
#0 C:\wamp64\www\scit-polls\app\ThirdParty\bluefaces\DbModel.php(625): PDO->beginTransaction()
#1 C:\wamp64\www\scit-polls\app\Models\VoteModel.php(49): DbModel->join(Array, Array)
#2 C:\wamp64\www\scit-polls\app\Controllers\VoteController.php(35): App\Models\VoteModel->get_presidents()
#3 C:\wamp64\www\scit-polls\system\CodeIgniter.php(936): App\Controllers\VoteController->index()
#4 C:\wamp64\www\scit-polls\system\CodeIgniter.php(432): CodeIgniter\CodeIgniter->runController(Object(App\Controllers\VoteController))
#5 C:\wamp64\www\scit-polls\system\CodeIgniter.php(333): CodeIgniter\CodeIgniter->handleRequest(NULL, Object(Config\Cache), false)
#6 C:\wamp64\www\scit-polls\public\index.php(44): CodeIgniter\CodeIgniter->run()
#7 {main}
CRITICAL - 2021-03-30 14:06:46 --> There is already an active transaction
#0 C:\wamp64\www\scit-polls\app\ThirdParty\bluefaces\DbModel.php(625): PDO->beginTransaction()
#1 C:\wamp64\www\scit-polls\app\Models\VoteModel.php(49): DbModel->join(Array, Array)
#2 C:\wamp64\www\scit-polls\app\Controllers\VoteController.php(35): App\Models\VoteModel->get_presidents()
#3 C:\wamp64\www\scit-polls\system\CodeIgniter.php(936): App\Controllers\VoteController->index()
#4 C:\wamp64\www\scit-polls\system\CodeIgniter.php(432): CodeIgniter\CodeIgniter->runController(Object(App\Controllers\VoteController))
#5 C:\wamp64\www\scit-polls\system\CodeIgniter.php(333): CodeIgniter\CodeIgniter->handleRequest(NULL, Object(Config\Cache), false)
#6 C:\wamp64\www\scit-polls\public\index.php(44): CodeIgniter\CodeIgniter->run()
#7 {main}
CRITICAL - 2021-03-30 14:07:30 --> There is already an active transaction
#0 C:\wamp64\www\scit-polls\app\ThirdParty\bluefaces\DbModel.php(625): PDO->beginTransaction()
#1 C:\wamp64\www\scit-polls\app\Models\VoteModel.php(49): DbModel->join(Array, Array)
#2 C:\wamp64\www\scit-polls\app\Controllers\VoteController.php(35): App\Models\VoteModel->get_presidents()
#3 C:\wamp64\www\scit-polls\system\CodeIgniter.php(936): App\Controllers\VoteController->index()
#4 C:\wamp64\www\scit-polls\system\CodeIgniter.php(432): CodeIgniter\CodeIgniter->runController(Object(App\Controllers\VoteController))
#5 C:\wamp64\www\scit-polls\system\CodeIgniter.php(333): CodeIgniter\CodeIgniter->handleRequest(NULL, Object(Config\Cache), false)
#6 C:\wamp64\www\scit-polls\public\index.php(44): CodeIgniter\CodeIgniter->run()
#7 {main}
CRITICAL - 2021-03-30 14:16:31 --> There is already an active transaction
#0 C:\wamp64\www\scit-polls\app\ThirdParty\bluefaces\DbModel.php(625): PDO->beginTransaction()
#1 C:\wamp64\www\scit-polls\app\Models\VoteModel.php(49): DbModel->join(Array, Array)
#2 C:\wamp64\www\scit-polls\app\Controllers\VoteController.php(35): App\Models\VoteModel->get_presidents()
#3 C:\wamp64\www\scit-polls\system\CodeIgniter.php(936): App\Controllers\VoteController->index()
#4 C:\wamp64\www\scit-polls\system\CodeIgniter.php(432): CodeIgniter\CodeIgniter->runController(Object(App\Controllers\VoteController))
#5 C:\wamp64\www\scit-polls\system\CodeIgniter.php(333): CodeIgniter\CodeIgniter->handleRequest(NULL, Object(Config\Cache), false)
#6 C:\wamp64\www\scit-polls\public\index.php(44): CodeIgniter\CodeIgniter->run()
#7 {main}
CRITICAL - 2021-03-30 14:24:19 --> There is already an active transaction
#0 C:\wamp64\www\scit-polls\app\ThirdParty\bluefaces\DbModel.php(625): PDO->beginTransaction()
#1 C:\wamp64\www\scit-polls\app\Models\VoteModel.php(49): DbModel->join(Array, Array)
#2 C:\wamp64\www\scit-polls\app\Controllers\VoteController.php(35): App\Models\VoteModel->get_presidents()
#3 C:\wamp64\www\scit-polls\system\CodeIgniter.php(936): App\Controllers\VoteController->index()
#4 C:\wamp64\www\scit-polls\system\CodeIgniter.php(432): CodeIgniter\CodeIgniter->runController(Object(App\Controllers\VoteController))
#5 C:\wamp64\www\scit-polls\system\CodeIgniter.php(333): CodeIgniter\CodeIgniter->handleRequest(NULL, Object(Config\Cache), false)
#6 C:\wamp64\www\scit-polls\public\index.php(44): CodeIgniter\CodeIgniter->run()
#7 {main}
CRITICAL - 2021-03-30 14:34:06 --> There is already an active transaction
#0 C:\wamp64\www\scit-polls\app\ThirdParty\bluefaces\DbModel.php(625): PDO->beginTransaction()
#1 C:\wamp64\www\scit-polls\app\Models\VoteModel.php(62): DbModel->join(Array, Array)
#2 C:\wamp64\www\scit-polls\app\Controllers\VoteController.php(36): App\Models\VoteModel->get_vice_presidents()
#3 C:\wamp64\www\scit-polls\system\CodeIgniter.php(936): App\Controllers\VoteController->index()
#4 C:\wamp64\www\scit-polls\system\CodeIgniter.php(432): CodeIgniter\CodeIgniter->runController(Object(App\Controllers\VoteController))
#5 C:\wamp64\www\scit-polls\system\CodeIgniter.php(333): CodeIgniter\CodeIgniter->handleRequest(NULL, Object(Config\Cache), false)
#6 C:\wamp64\www\scit-polls\public\index.php(44): CodeIgniter\CodeIgniter->run()
#7 {main}
CRITICAL - 2021-03-30 14:39:18 --> There is already an active transaction
#0 C:\wamp64\www\scit-polls\app\ThirdParty\bluefaces\DbModel.php(243): PDO->beginTransaction()
#1 C:\wamp64\www\scit-polls\app\Models\VoteModel.php(139): DbModel->getObject('firstname, last...', 'candidate')
#2 C:\wamp64\www\scit-polls\app\Controllers\VoteController.php(74): App\Models\VoteModel->get_candidate_name('C89073')
#3 C:\wamp64\www\scit-polls\system\CodeIgniter.php(936): App\Controllers\VoteController->candidate('C89073')
#4 C:\wamp64\www\scit-polls\system\CodeIgniter.php(432): CodeIgniter\CodeIgniter->runController(Object(App\Controllers\VoteController))
#5 C:\wamp64\www\scit-polls\system\CodeIgniter.php(333): CodeIgniter\CodeIgniter->handleRequest(NULL, Object(Config\Cache), false)
#6 C:\wamp64\www\scit-polls\public\index.php(44): CodeIgniter\CodeIgniter->run()
#7 {main}
CRITICAL - 2021-03-30 16:03:21 --> There is already an active transaction
#0 C:\wamp64\www\scit-polls\app\ThirdParty\bluefaces\DbModel.php(247): PDO->beginTransaction()
#1 C:\wamp64\www\scit-polls\app\Models\VoteModel.php(139): DbModel->getObject('firstname, last...', 'candidate')
#2 C:\wamp64\www\scit-polls\app\Controllers\VoteController.php(74): App\Models\VoteModel->get_candidate_name('C19750')
#3 C:\wamp64\www\scit-polls\system\CodeIgniter.php(936): App\Controllers\VoteController->candidate('C19750')
#4 C:\wamp64\www\scit-polls\system\CodeIgniter.php(432): CodeIgniter\CodeIgniter->runController(Object(App\Controllers\VoteController))
#5 C:\wamp64\www\scit-polls\system\CodeIgniter.php(333): CodeIgniter\CodeIgniter->handleRequest(NULL, Object(Config\Cache), false)
#6 C:\wamp64\www\scit-polls\public\index.php(44): CodeIgniter\CodeIgniter->run()
#7 {main}
CRITICAL - 2021-03-30 17:56:55 --> There is already an active transaction
#0 C:\wamp64\www\scit-polls\app\ThirdParty\bluefaces\DbModel.php(247): PDO->beginTransaction()
#1 C:\wamp64\www\scit-polls\app\Models\VoteModel.php(139): DbModel->getObject('firstname, last...', 'candidate')
#2 C:\wamp64\www\scit-polls\app\Controllers\VoteController.php(74): App\Models\VoteModel->get_candidate_name('C89073')
#3 C:\wamp64\www\scit-polls\system\CodeIgniter.php(936): App\Controllers\VoteController->candidate('C89073')
#4 C:\wamp64\www\scit-polls\system\CodeIgniter.php(432): CodeIgniter\CodeIgniter->runController(Object(App\Controllers\VoteController))
#5 C:\wamp64\www\scit-polls\system\CodeIgniter.php(333): CodeIgniter\CodeIgniter->handleRequest(NULL, Object(Config\Cache), false)
#6 C:\wamp64\www\scit-polls\public\index.php(44): CodeIgniter\CodeIgniter->run()
#7 {main}
CRITICAL - 2021-03-30 18:34:40 --> Call to a member function beginTransaction() on null
#0 C:\wamp64\www\scit-polls\app\Models\VoteModel.php(40): DbModel->getValues('name', 'position')
#1 C:\wamp64\www\scit-polls\app\Controllers\VoteController.php(29): App\Models\VoteModel->get_positions()
#2 C:\wamp64\www\scit-polls\system\CodeIgniter.php(936): App\Controllers\VoteController->index()
#3 C:\wamp64\www\scit-polls\system\CodeIgniter.php(432): CodeIgniter\CodeIgniter->runController(Object(App\Controllers\VoteController))
#4 C:\wamp64\www\scit-polls\system\CodeIgniter.php(333): CodeIgniter\CodeIgniter->handleRequest(NULL, Object(Config\Cache), false)
#5 C:\wamp64\www\scit-polls\public\index.php(44): CodeIgniter\CodeIgniter->run()
#6 {main}
CRITICAL - 2021-03-30 18:50:49 --> Call to a member function beginTransaction() on null
#0 C:\wamp64\www\scit-polls\app\Models\VoteModel.php(40): DbModel->getValues('name', 'position')
#1 C:\wamp64\www\scit-polls\app\Controllers\VoteController.php(29): App\Models\VoteModel->get_positions()
#2 C:\wamp64\www\scit-polls\system\CodeIgniter.php(936): App\Controllers\VoteController->index()
#3 C:\wamp64\www\scit-polls\system\CodeIgniter.php(432): CodeIgniter\CodeIgniter->runController(Object(App\Controllers\VoteController))
#4 C:\wamp64\www\scit-polls\system\CodeIgniter.php(333): CodeIgniter\CodeIgniter->handleRequest(NULL, Object(Config\Cache), false)
#5 C:\wamp64\www\scit-polls\public\index.php(44): CodeIgniter\CodeIgniter->run()
#6 {main}
