CRITICAL - 2021-03-26 10:37:57 --> Class 'Codeigniter\Model' not found
#0 C:\wamp64\www\scit-polls\system\Autoloader\Autoloader.php(294): include_once()
#1 C:\wamp64\www\scit-polls\system\Autoloader\Autoloader.php(265): CodeIgniter\Autoloader\Autoloader->includeFile('C:\\wamp64\\www\\s...')
#2 C:\wamp64\www\scit-polls\system\Autoloader\Autoloader.php(228): CodeIgniter\Autoloader\Autoloader->loadInNamespace('App\\Models\\Admi...')
#3 [internal function]: CodeIgniter\Autoloader\Autoloader->loadClass('App\\Models\\Admi...')
#4 C:\wamp64\www\scit-polls\app\Controllers\EcController.php(17): spl_autoload_call('App\\Models\\Admi...')
#5 C:\wamp64\www\scit-polls\system\CodeIgniter.php(936): App\Controllers\EcController->index()
#6 C:\wamp64\www\scit-polls\system\CodeIgniter.php(432): CodeIgniter\CodeIgniter->runController(Object(App\Controllers\EcController))
#7 C:\wamp64\www\scit-polls\system\CodeIgniter.php(333): CodeIgniter\CodeIgniter->handleRequest(NULL, Object(Config\Cache), false)
#8 C:\wamp64\www\scit-polls\public\index.php(44): CodeIgniter\CodeIgniter->run()
#9 {main}
CRITICAL - 2021-03-26 10:39:49 --> Class 'Codeigniter\Model' not found
#0 C:\wamp64\www\scit-polls\system\Autoloader\Autoloader.php(294): include_once()
#1 C:\wamp64\www\scit-polls\system\Autoloader\Autoloader.php(265): CodeIgniter\Autoloader\Autoloader->includeFile('C:\\wamp64\\www\\s...')
#2 C:\wamp64\www\scit-polls\system\Autoloader\Autoloader.php(228): CodeIgniter\Autoloader\Autoloader->loadInNamespace('App\\Models\\Admi...')
#3 [internal function]: CodeIgniter\Autoloader\Autoloader->loadClass('App\\Models\\Admi...')
#4 C:\wamp64\www\scit-polls\app\Controllers\EcController.php(17): spl_autoload_call('App\\Models\\Admi...')
#5 C:\wamp64\www\scit-polls\system\CodeIgniter.php(936): App\Controllers\EcController->index()
#6 C:\wamp64\www\scit-polls\system\CodeIgniter.php(432): CodeIgniter\CodeIgniter->runController(Object(App\Controllers\EcController))
#7 C:\wamp64\www\scit-polls\system\CodeIgniter.php(333): CodeIgniter\CodeIgniter->handleRequest(NULL, Object(Config\Cache), false)
#8 C:\wamp64\www\scit-polls\public\index.php(44): CodeIgniter\CodeIgniter->run()
#9 {main}
CRITICAL - 2021-03-26 10:40:57 --> Class 'Codeigniter\Model' not found
#0 C:\wamp64\www\scit-polls\system\Autoloader\Autoloader.php(294): include_once()
#1 C:\wamp64\www\scit-polls\system\Autoloader\Autoloader.php(265): CodeIgniter\Autoloader\Autoloader->includeFile('C:\\wamp64\\www\\s...')
#2 C:\wamp64\www\scit-polls\system\Autoloader\Autoloader.php(228): CodeIgniter\Autoloader\Autoloader->loadInNamespace('App\\Models\\Admi...')
#3 [internal function]: CodeIgniter\Autoloader\Autoloader->loadClass('App\\Models\\Admi...')
#4 C:\wamp64\www\scit-polls\app\Controllers\EcController.php(17): spl_autoload_call('App\\Models\\Admi...')
#5 C:\wamp64\www\scit-polls\system\CodeIgniter.php(936): App\Controllers\EcController->index()
#6 C:\wamp64\www\scit-polls\system\CodeIgniter.php(432): CodeIgniter\CodeIgniter->runController(Object(App\Controllers\EcController))
#7 C:\wamp64\www\scit-polls\system\CodeIgniter.php(333): CodeIgniter\CodeIgniter->handleRequest(NULL, Object(Config\Cache), false)
#8 C:\wamp64\www\scit-polls\public\index.php(44): CodeIgniter\CodeIgniter->run()
#9 {main}
CRITICAL - 2021-03-26 10:44:50 --> Class 'Codeigniter\Model' not found
#0 C:\wamp64\www\scit-polls\system\Autoloader\Autoloader.php(294): include_once()
#1 C:\wamp64\www\scit-polls\system\Autoloader\Autoloader.php(265): CodeIgniter\Autoloader\Autoloader->includeFile('C:\\wamp64\\www\\s...')
#2 C:\wamp64\www\scit-polls\system\Autoloader\Autoloader.php(228): CodeIgniter\Autoloader\Autoloader->loadInNamespace('App\\Models\\Admi...')
#3 [internal function]: CodeIgniter\Autoloader\Autoloader->loadClass('App\\Models\\Admi...')
#4 C:\wamp64\www\scit-polls\app\Controllers\EcController.php(17): spl_autoload_call('App\\Models\\Admi...')
#5 C:\wamp64\www\scit-polls\system\CodeIgniter.php(936): App\Controllers\EcController->index()
#6 C:\wamp64\www\scit-polls\system\CodeIgniter.php(432): CodeIgniter\CodeIgniter->runController(Object(App\Controllers\EcController))
#7 C:\wamp64\www\scit-polls\system\CodeIgniter.php(333): CodeIgniter\CodeIgniter->handleRequest(NULL, Object(Config\Cache), false)
#8 C:\wamp64\www\scit-polls\public\index.php(44): CodeIgniter\CodeIgniter->run()
#9 {main}
CRITICAL - 2021-03-26 11:09:14 --> Invalid argument supplied for foreach()
#0 C:\wamp64\www\scit-polls\app\Views\includes\admin-nav.php(166): CodeIgniter\Debug\Exceptions->errorHandler(2, 'Invalid argumen...', 'C:\\wamp64\\www\\s...', 166, Array)
#1 C:\wamp64\www\scit-polls\system\View\View.php(220): include('C:\\wamp64\\www\\s...')
#2 C:\wamp64\www\scit-polls\system\View\View.php(222): CodeIgniter\View\View->CodeIgniter\View\{closure}()
#3 C:\wamp64\www\scit-polls\system\Common.php(1217): CodeIgniter\View\View->render('includes/admin-...', Array, true)
#4 C:\wamp64\www\scit-polls\app\Controllers\EcController.php(25): view('includes/admin-...', Array)
#5 C:\wamp64\www\scit-polls\system\CodeIgniter.php(936): App\Controllers\EcController->index()
#6 C:\wamp64\www\scit-polls\system\CodeIgniter.php(432): CodeIgniter\CodeIgniter->runController(Object(App\Controllers\EcController))
#7 C:\wamp64\www\scit-polls\system\CodeIgniter.php(333): CodeIgniter\CodeIgniter->handleRequest(NULL, Object(Config\Cache), false)
#8 C:\wamp64\www\scit-polls\public\index.php(44): CodeIgniter\CodeIgniter->run()
#9 {main}
CRITICAL - 2021-03-26 11:09:41 --> Invalid argument supplied for foreach()
#0 C:\wamp64\www\scit-polls\app\Views\includes\admin-nav.php(166): CodeIgniter\Debug\Exceptions->errorHandler(2, 'Invalid argumen...', 'C:\\wamp64\\www\\s...', 166, Array)
#1 C:\wamp64\www\scit-polls\system\View\View.php(220): include('C:\\wamp64\\www\\s...')
#2 C:\wamp64\www\scit-polls\system\View\View.php(222): CodeIgniter\View\View->CodeIgniter\View\{closure}()
#3 C:\wamp64\www\scit-polls\system\Common.php(1217): CodeIgniter\View\View->render('includes/admin-...', Array, true)
#4 C:\wamp64\www\scit-polls\app\Controllers\EcController.php(25): view('includes/admin-...', Array)
#5 C:\wamp64\www\scit-polls\system\CodeIgniter.php(936): App\Controllers\EcController->index()
#6 C:\wamp64\www\scit-polls\system\CodeIgniter.php(432): CodeIgniter\CodeIgniter->runController(Object(App\Controllers\EcController))
#7 C:\wamp64\www\scit-polls\system\CodeIgniter.php(333): CodeIgniter\CodeIgniter->handleRequest(NULL, Object(Config\Cache), false)
#8 C:\wamp64\www\scit-polls\public\index.php(44): CodeIgniter\CodeIgniter->run()
#9 {main}
CRITICAL - 2021-03-26 11:11:00 --> Invalid argument supplied for foreach()
#0 C:\wamp64\www\scit-polls\app\Views\includes\admin-nav.php(166): CodeIgniter\Debug\Exceptions->errorHandler(2, 'Invalid argumen...', 'C:\\wamp64\\www\\s...', 166, Array)
#1 C:\wamp64\www\scit-polls\system\View\View.php(220): include('C:\\wamp64\\www\\s...')
#2 C:\wamp64\www\scit-polls\system\View\View.php(222): CodeIgniter\View\View->CodeIgniter\View\{closure}()
#3 C:\wamp64\www\scit-polls\system\Common.php(1217): CodeIgniter\View\View->render('includes/admin-...', Array, true)
#4 C:\wamp64\www\scit-polls\app\Controllers\EcController.php(25): view('includes/admin-...', Array)
#5 C:\wamp64\www\scit-polls\system\CodeIgniter.php(936): App\Controllers\EcController->index()
#6 C:\wamp64\www\scit-polls\system\CodeIgniter.php(432): CodeIgniter\CodeIgniter->runController(Object(App\Controllers\EcController))
#7 C:\wamp64\www\scit-polls\system\CodeIgniter.php(333): CodeIgniter\CodeIgniter->handleRequest(NULL, Object(Config\Cache), false)
#8 C:\wamp64\www\scit-polls\public\index.php(44): CodeIgniter\CodeIgniter->run()
#9 {main}
CRITICAL - 2021-03-26 11:11:06 --> Invalid argument supplied for foreach()
#0 C:\wamp64\www\scit-polls\app\Views\includes\admin-nav.php(166): CodeIgniter\Debug\Exceptions->errorHandler(2, 'Invalid argumen...', 'C:\\wamp64\\www\\s...', 166, Array)
#1 C:\wamp64\www\scit-polls\system\View\View.php(220): include('C:\\wamp64\\www\\s...')
#2 C:\wamp64\www\scit-polls\system\View\View.php(222): CodeIgniter\View\View->CodeIgniter\View\{closure}()
#3 C:\wamp64\www\scit-polls\system\Common.php(1217): CodeIgniter\View\View->render('includes/admin-...', Array, true)
#4 C:\wamp64\www\scit-polls\app\Controllers\EcController.php(25): view('includes/admin-...', Array)
#5 C:\wamp64\www\scit-polls\system\CodeIgniter.php(936): App\Controllers\EcController->index()
#6 C:\wamp64\www\scit-polls\system\CodeIgniter.php(432): CodeIgniter\CodeIgniter->runController(Object(App\Controllers\EcController))
#7 C:\wamp64\www\scit-polls\system\CodeIgniter.php(333): CodeIgniter\CodeIgniter->handleRequest(NULL, Object(Config\Cache), false)
#8 C:\wamp64\www\scit-polls\public\index.php(44): CodeIgniter\CodeIgniter->run()
#9 {main}
CRITICAL - 2021-03-26 11:11:53 --> Invalid argument supplied for foreach()
#0 C:\wamp64\www\scit-polls\app\Views\includes\admin-nav.php(166): CodeIgniter\Debug\Exceptions->errorHandler(2, 'Invalid argumen...', 'C:\\wamp64\\www\\s...', 166, Array)
#1 C:\wamp64\www\scit-polls\system\View\View.php(220): include('C:\\wamp64\\www\\s...')
#2 C:\wamp64\www\scit-polls\system\View\View.php(222): CodeIgniter\View\View->CodeIgniter\View\{closure}()
#3 C:\wamp64\www\scit-polls\system\Common.php(1217): CodeIgniter\View\View->render('includes/admin-...', Array, true)
#4 C:\wamp64\www\scit-polls\app\Controllers\EcController.php(25): view('includes/admin-...', Array)
#5 C:\wamp64\www\scit-polls\system\CodeIgniter.php(936): App\Controllers\EcController->index()
#6 C:\wamp64\www\scit-polls\system\CodeIgniter.php(432): CodeIgniter\CodeIgniter->runController(Object(App\Controllers\EcController))
#7 C:\wamp64\www\scit-polls\system\CodeIgniter.php(333): CodeIgniter\CodeIgniter->handleRequest(NULL, Object(Config\Cache), false)
#8 C:\wamp64\www\scit-polls\public\index.php(44): CodeIgniter\CodeIgniter->run()
#9 {main}
CRITICAL - 2021-03-26 11:12:33 --> Invalid argument supplied for foreach()
#0 C:\wamp64\www\scit-polls\app\Views\includes\admin-nav.php(166): CodeIgniter\Debug\Exceptions->errorHandler(2, 'Invalid argumen...', 'C:\\wamp64\\www\\s...', 166, Array)
#1 C:\wamp64\www\scit-polls\system\View\View.php(220): include('C:\\wamp64\\www\\s...')
#2 C:\wamp64\www\scit-polls\system\View\View.php(222): CodeIgniter\View\View->CodeIgniter\View\{closure}()
#3 C:\wamp64\www\scit-polls\system\Common.php(1217): CodeIgniter\View\View->render('includes/admin-...', Array, true)
#4 C:\wamp64\www\scit-polls\app\Controllers\EcController.php(25): view('includes/admin-...', Array)
#5 C:\wamp64\www\scit-polls\system\CodeIgniter.php(936): App\Controllers\EcController->index()
#6 C:\wamp64\www\scit-polls\system\CodeIgniter.php(432): CodeIgniter\CodeIgniter->runController(Object(App\Controllers\EcController))
#7 C:\wamp64\www\scit-polls\system\CodeIgniter.php(333): CodeIgniter\CodeIgniter->handleRequest(NULL, Object(Config\Cache), false)
#8 C:\wamp64\www\scit-polls\public\index.php(44): CodeIgniter\CodeIgniter->run()
#9 {main}
CRITICAL - 2021-03-26 11:13:50 --> Invalid argument supplied for foreach()
#0 C:\wamp64\www\scit-polls\app\Views\includes\admin-nav.php(166): CodeIgniter\Debug\Exceptions->errorHandler(2, 'Invalid argumen...', 'C:\\wamp64\\www\\s...', 166, Array)
#1 C:\wamp64\www\scit-polls\system\View\View.php(220): include('C:\\wamp64\\www\\s...')
#2 C:\wamp64\www\scit-polls\system\View\View.php(222): CodeIgniter\View\View->CodeIgniter\View\{closure}()
#3 C:\wamp64\www\scit-polls\system\Common.php(1217): CodeIgniter\View\View->render('includes/admin-...', Array, true)
#4 C:\wamp64\www\scit-polls\app\Controllers\EcController.php(25): view('includes/admin-...', Array)
#5 C:\wamp64\www\scit-polls\system\CodeIgniter.php(936): App\Controllers\EcController->index()
#6 C:\wamp64\www\scit-polls\system\CodeIgniter.php(432): CodeIgniter\CodeIgniter->runController(Object(App\Controllers\EcController))
#7 C:\wamp64\www\scit-polls\system\CodeIgniter.php(333): CodeIgniter\CodeIgniter->handleRequest(NULL, Object(Config\Cache), false)
#8 C:\wamp64\www\scit-polls\public\index.php(44): CodeIgniter\CodeIgniter->run()
#9 {main}
CRITICAL - 2021-03-26 11:19:50 --> SQLSTATE[42S22]: Column not found: 1054 Unknown column 'names' in 'field list'
#0 C:\wamp64\www\scit-polls\app\ThirdParty\bluefaces\DbModel.php(142): PDOStatement->execute()
#1 C:\wamp64\www\scit-polls\app\Models\AdminModel.php(16): DbModel->getValues('names', 'position')
#2 C:\wamp64\www\scit-polls\app\Controllers\EcController.php(22): App\Models\AdminModel->get_positions()
#3 C:\wamp64\www\scit-polls\system\CodeIgniter.php(936): App\Controllers\EcController->index()
#4 C:\wamp64\www\scit-polls\system\CodeIgniter.php(432): CodeIgniter\CodeIgniter->runController(Object(App\Controllers\EcController))
#5 C:\wamp64\www\scit-polls\system\CodeIgniter.php(333): CodeIgniter\CodeIgniter->handleRequest(NULL, Object(Config\Cache), false)
#6 C:\wamp64\www\scit-polls\public\index.php(44): CodeIgniter\CodeIgniter->run()
#7 {main}
CRITICAL - 2021-03-26 11:20:37 --> Invalid argument supplied for foreach()
#0 C:\wamp64\www\scit-polls\app\Views\includes\admin-nav.php(166): CodeIgniter\Debug\Exceptions->errorHandler(2, 'Invalid argumen...', 'C:\\wamp64\\www\\s...', 166, Array)
#1 C:\wamp64\www\scit-polls\system\View\View.php(220): include('C:\\wamp64\\www\\s...')
#2 C:\wamp64\www\scit-polls\system\View\View.php(222): CodeIgniter\View\View->CodeIgniter\View\{closure}()
#3 C:\wamp64\www\scit-polls\system\Common.php(1217): CodeIgniter\View\View->render('includes/admin-...', Array, true)
#4 C:\wamp64\www\scit-polls\app\Controllers\EcController.php(25): view('includes/admin-...', Array)
#5 C:\wamp64\www\scit-polls\system\CodeIgniter.php(936): App\Controllers\EcController->index()
#6 C:\wamp64\www\scit-polls\system\CodeIgniter.php(432): CodeIgniter\CodeIgniter->runController(Object(App\Controllers\EcController))
#7 C:\wamp64\www\scit-polls\system\CodeIgniter.php(333): CodeIgniter\CodeIgniter->handleRequest(NULL, Object(Config\Cache), false)
#8 C:\wamp64\www\scit-polls\public\index.php(44): CodeIgniter\CodeIgniter->run()
#9 {main}
CRITICAL - 2021-03-26 11:20:48 --> Invalid argument supplied for foreach()
#0 C:\wamp64\www\scit-polls\app\Views\includes\admin-nav.php(166): CodeIgniter\Debug\Exceptions->errorHandler(2, 'Invalid argumen...', 'C:\\wamp64\\www\\s...', 166, Array)
#1 C:\wamp64\www\scit-polls\system\View\View.php(220): include('C:\\wamp64\\www\\s...')
#2 C:\wamp64\www\scit-polls\system\View\View.php(222): CodeIgniter\View\View->CodeIgniter\View\{closure}()
#3 C:\wamp64\www\scit-polls\system\Common.php(1217): CodeIgniter\View\View->render('includes/admin-...', Array, true)
#4 C:\wamp64\www\scit-polls\app\Controllers\EcController.php(25): view('includes/admin-...', Array)
#5 C:\wamp64\www\scit-polls\system\CodeIgniter.php(936): App\Controllers\EcController->index()
#6 C:\wamp64\www\scit-polls\system\CodeIgniter.php(432): CodeIgniter\CodeIgniter->runController(Object(App\Controllers\EcController))
#7 C:\wamp64\www\scit-polls\system\CodeIgniter.php(333): CodeIgniter\CodeIgniter->handleRequest(NULL, Object(Config\Cache), false)
#8 C:\wamp64\www\scit-polls\public\index.php(44): CodeIgniter\CodeIgniter->run()
#9 {main}
CRITICAL - 2021-03-26 23:09:43 --> Invalid file: candidate.php
#0 C:\wamp64\www\scit-polls\system\View\View.php(203): CodeIgniter\Exceptions\FrameworkException::forInvalidFile('candidate.php')
#1 C:\wamp64\www\scit-polls\system\Common.php(1217): CodeIgniter\View\View->render('candidate', Array, true)
#2 C:\wamp64\www\scit-polls\app\Controllers\VoteController.php(59): view('candidate', Array)
#3 C:\wamp64\www\scit-polls\system\CodeIgniter.php(936): App\Controllers\VoteController->candidate()
#4 C:\wamp64\www\scit-polls\system\CodeIgniter.php(432): CodeIgniter\CodeIgniter->runController(Object(App\Controllers\VoteController))
#5 C:\wamp64\www\scit-polls\system\CodeIgniter.php(333): CodeIgniter\CodeIgniter->handleRequest(NULL, Object(Config\Cache), false)
#6 C:\wamp64\www\scit-polls\public\index.php(44): CodeIgniter\CodeIgniter->run()
#7 {main}
CRITICAL - 2021-03-26 23:10:42 --> Too few arguments to function App\Controllers\VoteController::candidate(), 0 passed in C:\wamp64\www\scit-polls\system\CodeIgniter.php on line 936 and exactly 1 expected
#0 C:\wamp64\www\scit-polls\system\CodeIgniter.php(936): App\Controllers\VoteController->candidate()
#1 C:\wamp64\www\scit-polls\system\CodeIgniter.php(432): CodeIgniter\CodeIgniter->runController(Object(App\Controllers\VoteController))
#2 C:\wamp64\www\scit-polls\system\CodeIgniter.php(333): CodeIgniter\CodeIgniter->handleRequest(NULL, Object(Config\Cache), false)
#3 C:\wamp64\www\scit-polls\public\index.php(44): CodeIgniter\CodeIgniter->run()
#4 {main}
