CRITICAL - 2021-03-22 05:05:31 --> include_once(C:\wamp64\www\scit-polls\app\third_party/bluefaces/BL_Controller.php): failed to open stream: No such file or directory
#0 C:\wamp64\www\scit-polls\system\Autoloader\Autoloader.php(128): CodeIgniter\Debug\Exceptions->errorHandler(2, 'include_once(C:...', 'C:\\wamp64\\www\\s...', 128, Array)
#1 C:\wamp64\www\scit-polls\system\Autoloader\Autoloader.php(128): include_once()
#2 [internal function]: CodeIgniter\Autoloader\Autoloader->CodeIgniter\Autoloader\{closure}('BL_Controller')
#3 C:\wamp64\www\scit-polls\app\Controllers\Home.php(9): spl_autoload_call('BL_Controller')
#4 C:\wamp64\www\scit-polls\system\CodeIgniter.php(936): App\Controllers\Home->index()
#5 C:\wamp64\www\scit-polls\system\CodeIgniter.php(432): CodeIgniter\CodeIgniter->runController(Object(App\Controllers\Home))
#6 C:\wamp64\www\scit-polls\system\CodeIgniter.php(333): CodeIgniter\CodeIgniter->handleRequest(NULL, Object(Config\Cache), false)
#7 C:\wamp64\www\scit-polls\public\index.php(44): CodeIgniter\CodeIgniter->run()
#8 {main}
CRITICAL - 2021-03-22 05:06:21 --> include_once(C:\wamp64\www\scit-polls\app\third_party/bluefaces/BL_Controller.php): failed to open stream: No such file or directory
#0 C:\wamp64\www\scit-polls\system\Autoloader\Autoloader.php(128): CodeIgniter\Debug\Exceptions->errorHandler(2, 'include_once(C:...', 'C:\\wamp64\\www\\s...', 128, Array)
#1 C:\wamp64\www\scit-polls\system\Autoloader\Autoloader.php(128): include_once()
#2 [internal function]: CodeIgniter\Autoloader\Autoloader->CodeIgniter\Autoloader\{closure}('BL_Controller')
#3 C:\wamp64\www\scit-polls\app\Controllers\Home.php(9): spl_autoload_call('BL_Controller')
#4 C:\wamp64\www\scit-polls\system\CodeIgniter.php(936): App\Controllers\Home->index()
#5 C:\wamp64\www\scit-polls\system\CodeIgniter.php(432): CodeIgniter\CodeIgniter->runController(Object(App\Controllers\Home))
#6 C:\wamp64\www\scit-polls\system\CodeIgniter.php(333): CodeIgniter\CodeIgniter->handleRequest(NULL, Object(Config\Cache), false)
#7 C:\wamp64\www\scit-polls\public\index.php(44): CodeIgniter\CodeIgniter->run()
#8 {main}
CRITICAL - 2021-03-22 05:06:26 --> include_once(C:\wamp64\www\scit-polls\app\third_party/bluefaces/BL_Controller.php): failed to open stream: No such file or directory
#0 C:\wamp64\www\scit-polls\system\Autoloader\Autoloader.php(128): CodeIgniter\Debug\Exceptions->errorHandler(2, 'include_once(C:...', 'C:\\wamp64\\www\\s...', 128, Array)
#1 C:\wamp64\www\scit-polls\system\Autoloader\Autoloader.php(128): include_once()
#2 [internal function]: CodeIgniter\Autoloader\Autoloader->CodeIgniter\Autoloader\{closure}('BL_Controller')
#3 C:\wamp64\www\scit-polls\app\Controllers\Home.php(9): spl_autoload_call('BL_Controller')
#4 C:\wamp64\www\scit-polls\system\CodeIgniter.php(936): App\Controllers\Home->index()
#5 C:\wamp64\www\scit-polls\system\CodeIgniter.php(432): CodeIgniter\CodeIgniter->runController(Object(App\Controllers\Home))
#6 C:\wamp64\www\scit-polls\system\CodeIgniter.php(333): CodeIgniter\CodeIgniter->handleRequest(NULL, Object(Config\Cache), false)
#7 C:\wamp64\www\scit-polls\public\index.php(44): CodeIgniter\CodeIgniter->run()
#8 {main}
CRITICAL - 2021-03-22 05:11:06 --> include_once(C:\wamp64\www\scit-polls\app\third_party/bluefaces/BL_Controller.php): failed to open stream: No such file or directory
#0 C:\wamp64\www\scit-polls\system\Autoloader\Autoloader.php(128): CodeIgniter\Debug\Exceptions->errorHandler(2, 'include_once(C:...', 'C:\\wamp64\\www\\s...', 128, Array)
#1 C:\wamp64\www\scit-polls\system\Autoloader\Autoloader.php(128): include_once()
#2 [internal function]: CodeIgniter\Autoloader\Autoloader->CodeIgniter\Autoloader\{closure}('BL_Controller')
#3 C:\wamp64\www\scit-polls\app\Controllers\Home.php(9): spl_autoload_call('BL_Controller')
#4 C:\wamp64\www\scit-polls\system\CodeIgniter.php(936): App\Controllers\Home->index()
#5 C:\wamp64\www\scit-polls\system\CodeIgniter.php(432): CodeIgniter\CodeIgniter->runController(Object(App\Controllers\Home))
#6 C:\wamp64\www\scit-polls\system\CodeIgniter.php(333): CodeIgniter\CodeIgniter->handleRequest(NULL, Object(Config\Cache), false)
#7 C:\wamp64\www\scit-polls\public\index.php(44): CodeIgniter\CodeIgniter->run()
#8 {main}
CRITICAL - 2021-03-22 05:11:10 --> include_once(C:\wamp64\www\scit-polls\app\third_party/bluefaces/BL_Controller.php): failed to open stream: No such file or directory
#0 C:\wamp64\www\scit-polls\system\Autoloader\Autoloader.php(128): CodeIgniter\Debug\Exceptions->errorHandler(2, 'include_once(C:...', 'C:\\wamp64\\www\\s...', 128, Array)
#1 C:\wamp64\www\scit-polls\system\Autoloader\Autoloader.php(128): include_once()
#2 [internal function]: CodeIgniter\Autoloader\Autoloader->CodeIgniter\Autoloader\{closure}('BL_Controller')
#3 C:\wamp64\www\scit-polls\app\Controllers\Home.php(9): spl_autoload_call('BL_Controller')
#4 C:\wamp64\www\scit-polls\system\CodeIgniter.php(936): App\Controllers\Home->index()
#5 C:\wamp64\www\scit-polls\system\CodeIgniter.php(432): CodeIgniter\CodeIgniter->runController(Object(App\Controllers\Home))
#6 C:\wamp64\www\scit-polls\system\CodeIgniter.php(333): CodeIgniter\CodeIgniter->handleRequest(NULL, Object(Config\Cache), false)
#7 C:\wamp64\www\scit-polls\public\index.php(44): CodeIgniter\CodeIgniter->run()
#8 {main}
CRITICAL - 2021-03-22 05:12:11 --> include_once(C:\wamp64\www\scit-polls\app\third_party/bluefaces/BL_Controller.php): failed to open stream: No such file or directory
#0 C:\wamp64\www\scit-polls\system\Autoloader\Autoloader.php(128): CodeIgniter\Debug\Exceptions->errorHandler(2, 'include_once(C:...', 'C:\\wamp64\\www\\s...', 128, Array)
#1 C:\wamp64\www\scit-polls\system\Autoloader\Autoloader.php(128): include_once()
#2 [internal function]: CodeIgniter\Autoloader\Autoloader->CodeIgniter\Autoloader\{closure}('BL_Controller')
#3 C:\wamp64\www\scit-polls\app\Controllers\Home.php(9): spl_autoload_call('BL_Controller')
#4 C:\wamp64\www\scit-polls\system\CodeIgniter.php(936): App\Controllers\Home->index()
#5 C:\wamp64\www\scit-polls\system\CodeIgniter.php(432): CodeIgniter\CodeIgniter->runController(Object(App\Controllers\Home))
#6 C:\wamp64\www\scit-polls\system\CodeIgniter.php(333): CodeIgniter\CodeIgniter->handleRequest(NULL, Object(Config\Cache), false)
#7 C:\wamp64\www\scit-polls\public\index.php(44): CodeIgniter\CodeIgniter->run()
#8 {main}
CRITICAL - 2021-03-22 05:12:15 --> include_once(C:\wamp64\www\scit-polls\app\third_party/bluefaces/BL_Controller.php): failed to open stream: No such file or directory
#0 C:\wamp64\www\scit-polls\system\Autoloader\Autoloader.php(128): CodeIgniter\Debug\Exceptions->errorHandler(2, 'include_once(C:...', 'C:\\wamp64\\www\\s...', 128, Array)
#1 C:\wamp64\www\scit-polls\system\Autoloader\Autoloader.php(128): include_once()
#2 [internal function]: CodeIgniter\Autoloader\Autoloader->CodeIgniter\Autoloader\{closure}('BL_Controller')
#3 C:\wamp64\www\scit-polls\app\Controllers\Home.php(9): spl_autoload_call('BL_Controller')
#4 C:\wamp64\www\scit-polls\system\CodeIgniter.php(936): App\Controllers\Home->index()
#5 C:\wamp64\www\scit-polls\system\CodeIgniter.php(432): CodeIgniter\CodeIgniter->runController(Object(App\Controllers\Home))
#6 C:\wamp64\www\scit-polls\system\CodeIgniter.php(333): CodeIgniter\CodeIgniter->handleRequest(NULL, Object(Config\Cache), false)
#7 C:\wamp64\www\scit-polls\public\index.php(44): CodeIgniter\CodeIgniter->run()
#8 {main}
CRITICAL - 2021-03-22 05:12:38 --> include_once(C:\wamp64\www\scit-polls\app\third_party/bluefaces/BL_Controller.php): failed to open stream: No such file or directory
#0 C:\wamp64\www\scit-polls\system\Autoloader\Autoloader.php(128): CodeIgniter\Debug\Exceptions->errorHandler(2, 'include_once(C:...', 'C:\\wamp64\\www\\s...', 128, Array)
#1 C:\wamp64\www\scit-polls\system\Autoloader\Autoloader.php(128): include_once()
#2 [internal function]: CodeIgniter\Autoloader\Autoloader->CodeIgniter\Autoloader\{closure}('BL_Controller')
#3 C:\wamp64\www\scit-polls\app\Controllers\Home.php(9): spl_autoload_call('BL_Controller')
#4 C:\wamp64\www\scit-polls\system\CodeIgniter.php(936): App\Controllers\Home->index()
#5 C:\wamp64\www\scit-polls\system\CodeIgniter.php(432): CodeIgniter\CodeIgniter->runController(Object(App\Controllers\Home))
#6 C:\wamp64\www\scit-polls\system\CodeIgniter.php(333): CodeIgniter\CodeIgniter->handleRequest(NULL, Object(Config\Cache), false)
#7 C:\wamp64\www\scit-polls\public\index.php(44): CodeIgniter\CodeIgniter->run()
#8 {main}
CRITICAL - 2021-03-22 13:15:49 --> include_once(C:\wamp64\www\scit-polls\app\third_party/bluefaces/BL_Controller.php): failed to open stream: No such file or directory
#0 C:\wamp64\www\scit-polls\system\Autoloader\Autoloader.php(128): CodeIgniter\Debug\Exceptions->errorHandler(2, 'include_once(C:...', 'C:\\wamp64\\www\\s...', 128, Array)
#1 C:\wamp64\www\scit-polls\system\Autoloader\Autoloader.php(128): include_once()
#2 [internal function]: CodeIgniter\Autoloader\Autoloader->CodeIgniter\Autoloader\{closure}('BL_Controller')
#3 C:\wamp64\www\scit-polls\app\Controllers\Home.php(9): spl_autoload_call('BL_Controller')
#4 C:\wamp64\www\scit-polls\system\CodeIgniter.php(936): App\Controllers\Home->index()
#5 C:\wamp64\www\scit-polls\system\CodeIgniter.php(432): CodeIgniter\CodeIgniter->runController(Object(App\Controllers\Home))
#6 C:\wamp64\www\scit-polls\system\CodeIgniter.php(333): CodeIgniter\CodeIgniter->handleRequest(NULL, Object(Config\Cache), false)
#7 C:\wamp64\www\scit-polls\public\index.php(44): CodeIgniter\CodeIgniter->run()
#8 {main}
